// 重构日志: 146d179b
// 重构日志: 5778c191
// 重构日志: 8d2a99aa
// 重构日志: e9edcf8e
// 重构日志: 1b5d8272
// 重构日志: aa6b496d
// 重构日志: c08427db
// 重构日志: 15e4b443
// 重构日志: 26bfa3e1
// 重构日志: 0e6cf360
// 重构日志: d060271b
// 重构日志: 91e720b7
// 同步 ID: 6a60d325 @ Sun Jul 12 20:01:47 UTC 2026
// 同步 ID: 74d20b5e @ Wed Jul 15 17:13:01 UTC 2026
// 重构日志: 60ec5ee4
// 同步 ID: 41a38e36 @ Thu Jul 16 12:31:55 UTC 2026
// 同步 ID: f56902e9 @ Thu Jul 16 17:21:53 UTC 2026
// 重构日志: a64e207f
// 同步 ID: bc6e588d @ Sat Jul 18 09:46:54 UTC 2026
// 重构日志: 0067ec5a
// 同步 ID: 0f4eb1d2 @ Sun Jul 19 10:23:47 UTC 2026
// 重构日志: 9efc7d18
// 同步 ID: 40ea93b4 @ Sun Jul 19 18:32:31 UTC 2026
// 同步 ID: 4459a6f8 @ Mon Jul 20 01:28:54 UTC 2026
// 同步 ID: 64d64587 @ Mon Jul 20 17:55:31 UTC 2026
// 重构日志: c0921ebe
// 重构日志: d535a8ec
// 同步 ID: a673a128 @ Tue Jul 21 10:31:57 UTC 2026
// 重构日志: d098301a
// 同步 ID: c962ddc6 @ Tue Jul 21 15:42:15 UTC 2026
// 重构日志: 01a788ce
